<?xml version="1.0" encoding="UTF-8"?>
<testng-results ignored="0" total="1" passed="1" failed="0" skipped="0">
  <reporter-output>
  </reporter-output>
  <suite started-at="2025-06-17T22:22:31 IST" name="Default suite" finished-at="2025-06-17T22:22:40 IST" duration-ms="9524">
    <groups>
    </groups>
    <test started-at="2025-06-17T22:22:31 IST" name="Default test" finished-at="2025-06-17T22:22:40 IST" duration-ms="9524">
      <class name="dream.qa.dreamportal.tests.DreamsDiaryPageTest">
        <test-method is-config="true" signature="setup()[pri:0, instance:dream.qa.dreamportal.tests.DreamsDiaryPageTest@58ce9668]" started-at="2025-06-17T22:22:31 IST" name="setup" finished-at="2025-06-17T22:22:36 IST" duration-ms="5346" status="PASS">
          <reporter-output>
          </reporter-output>
        </test-method> <!-- setup -->
        <test-method signature="dreamsDiaryPageTest()[pri:1, instance:dream.qa.dreamportal.tests.DreamsDiaryPageTest@58ce9668]" started-at="2025-06-17T22:22:36 IST" name="dreamsDiaryPageTest" finished-at="2025-06-17T22:22:40 IST" duration-ms="4009" status="PASS">
          <reporter-output>
          </reporter-output>
        </test-method> <!-- dreamsDiaryPageTest -->
        <test-method is-config="true" signature="tearDown()[pri:0, instance:dream.qa.dreamportal.tests.DreamsDiaryPageTest@58ce9668]" started-at="2025-06-17T22:22:40 IST" name="tearDown" finished-at="2025-06-17T22:22:40 IST" duration-ms="2" status="PASS">
          <reporter-output>
          </reporter-output>
        </test-method> <!-- tearDown -->
      </class> <!-- dream.qa.dreamportal.tests.DreamsDiaryPageTest -->
    </test> <!-- Default test -->
  </suite> <!-- Default suite -->
</testng-results>
